-------------------------------------------------------------------------------
Test set: com.bookshop.loginapp.ForgotPasswordTest
-------------------------------------------------------------------------------
Tests run: 3, Failures: 0, Errors: 1, Skipped: 0, Time elapsed: 2.418 s <<< FAILURE! - in com.bookshop.loginapp.ForgotPasswordTest
testCheckUsername  Time elapsed: 0.043 s  <<< ERROR!
java.lang.ClassCastException: class javax.swing.plaf.nimbus.DerivedColor$UIResource cannot be cast to class java.awt.Font (javax.swing.plaf.nimbus.DerivedColor$UIResource and java.awt.Font are in module java.desktop of loader 'bootstrap')
	at com.bookshop.loginapp.ForgotPasswordTest.testCheckUsername(ForgotPasswordTest.java:59)

