<?xml version="1.0" encoding="UTF-8"?>
<testsuite xmlns:xsi="http://www.w3.org/2001/XMLSchema-instance" xsi:noNamespaceSchemaLocation="https://maven.apache.org/surefire/maven-surefire-plugin/xsd/surefire-test-report.xsd" name="com.bookshop.loginapp.UsersTest" time="0.136" tests="5" errors="0" skipped="0" failures="2">
  <properties>
[...]
</properties>
  <testcase name="testAddUser1" classname="com.bookshop.loginapp.UsersTest" time="0.036"/>
  <testcase name="testAddUser2" classname="com.bookshop.loginapp.UsersTest" time="0.02">
    <failure message="expected: &lt;-1&gt; but was: &lt;0&gt;" type="org.opentest4j.AssertionFailedError"><![CDATA[org.opentest4j.AssertionFailedError: expected: <-1> but was: <0>
	at com.bookshop.loginapp.UsersTest.testAddUser2(UsersTest.java:70)
]]></failure>
    <system-out><![CDATA[addUser with existing user
]]></system-out>
  </testcase>
  <testcase name="testLogin1" classname="com.bookshop.loginapp.UsersTest" time="0.005">
    <failure message="expected: &lt;0&gt; but was: &lt;-1&gt;" type="org.opentest4j.AssertionFailedError"><![CDATA[org.opentest4j.AssertionFailedError: expected: <0> but was: <-1>
	at com.bookshop.loginapp.UsersTest.testLogin1(UsersTest.java:83)
]]></failure>
    <system-out><![CDATA[login with valid details
]]></system-out>
  </testcase>
  <testcase name="testLogin2" classname="com.bookshop.loginapp.UsersTest" time="0.003"/>
  <testcase name="testLogin3" classname="com.bookshop.loginapp.UsersTest" time="0.002"/>
</testsuite>