<?xml version="1.0" encoding="UTF-8"?>
<testsuite xmlns:xsi="http://www.w3.org/2001/XMLSchema-instance" xsi:noNamespaceSchemaLocation="https://maven.apache.org/surefire/maven-surefire-plugin/xsd/surefire-test-report.xsd" name="com.bookshop.loginapp.ForgotPasswordTest" time="2.418" tests="3" errors="1" skipped="0" failures="0">
  <properties>
[...]
</properties>
  <testcase name="testMain" classname="com.bookshop.loginapp.ForgotPasswordTest" time="0.298"/>
  <testcase name="testCheckUsername" classname="com.bookshop.loginapp.ForgotPasswordTest" time="0.043">
    <error message="class javax.swing.plaf.nimbus.DerivedColor$UIResource cannot be cast to class java.awt.Font (javax.swing.plaf.nimbus.DerivedColor$UIResource and java.awt.Font are in module java.desktop of loader &apos;bootstrap&apos;)" type="java.lang.ClassCastException">java.lang.ClassCastException: class javax.swing.plaf.nimbus.DerivedColor$UIResource cannot be cast to class java.awt.Font (javax.swing.plaf.nimbus.DerivedColor$UIResource and java.awt.Font are in module java.desktop of loader 'bootstrap')
	at com.bookshop.loginapp.ForgotPasswordTest.testCheckUsername(ForgotPasswordTest.java:59)
</error>
    <system-out><![CDATA[Check if the email exist into the database
]]></system-out>
  </testcase>
  <testcase name="testVerifyFields" classname="com.bookshop.loginapp.ForgotPasswordTest" time="2"/>
</testsuite>